<?xml version="1.0" encoding="UTF-8" ?>
<testsuites>
  <testsuite errors="0" failures="0" hostname="C1246895-Air.home" id="0" name="FindWordsTest" package="wordFinder" skipped="0" tests="6" time="0.09" timestamp="2015-02-24T05:55:50">
      <properties>
[...]
</properties>

      <testcase classname="wordFinder.FindWordsTest" name="testFindWordsWithNoExclusions" time="0.052" />

      <testcase classname="wordFinder.FindWordsTest" name="testFindWordsWithExclusions" time="0.001" />

      <testcase classname="wordFinder.FindWordsTest" name="testFindWordsWithAllExclusions" time="0.001" />

      <testcase classname="wordFinder.FindWordsTest" name="testFindWordsWithNoWordsInDictionary" time="0.0" />

      <testcase classname="wordFinder.FindWordsTest" name="testLoadDictionry" time="0.0" />

      <testcase classname="wordFinder.FindWordsTest" name="testLoadExclusions" time="0.0" />

      <system-out><![CDATA[Begin Test Class
Test testFindWordsWithNoExclusions()
dic word is The
dic word is quick
dic word is brown
dic word is fox
dic word is jumps
Words [The, quick, brown, fox, jumps]
[The, quick, brown, fox, jumps]
[The, quick, brown, fox, jumps]
Begin Test Class
Test testFindWordsWithExclusions()
dic word is The
dic word is quick
dic word is brown
dic word is fox
dic word is jumps
Words [The, quick, brown, fox, jumps]
[The, quick, brown, fox, jumps]
[The, quick, brown, fox, jumps]
Begin Test Class
Test testFindWordsWithAllExclusions()
Words []
[]
[]
Begin Test Class
testFindWordsWithNoWordsInDictionary()
Words []
[]
[]
Begin Test Class
testLoadDictionry()
[Hi, O, Silver, the, Lone, Ranger, !]
[Hi, O, Silver, the, Lone, Ranger, !]
Begin Test Class
testLoadExclusions()
]]></system-out>

      <system-err><![CDATA[log4j:WARN No appenders could be found for logger (wordFinder.FindWords).
log4j:WARN Please initialize the log4j system properly.
log4j:WARN See http://logging.apache.org/log4j/1.2/faq.html#noconfig for more info.
]]></system-err>

  </testsuite>
</testsuites>
